0.0,4925582
0.0,4921705
0.0,4878801
0.0,4699462
0.0,4653740
0.0,4518395
0.0,4429545
0.0,4389259
0.001,4366330
0.006,4294834
0.007,4285231
0.007,4281354
0.008,4259265
0.016,4245615
0.016,4204445
0.016,4182399
0.026,4164878
0.047,4148280
0.048,4138677
0.051,4109867
0.078,4090105
0.085,4080693
0.086,4008266
0.087,3945051
0.104,3937993
0.112,3835319
0.115,3826994
0.119,3816909
0.137,3815292
0.138,3805207
0.153,3793364
0.168,3775843
0.205,3774961
0.205,3762347
0.207,3761107
0.209,3760994
0.21,3749642
0.214,3743622
0.214,3733537
0.219,3720832
0.247,3683694
0.247,3661648
0.247,3653323
0.247,3643237
0.248,3630532
0.746,3626584
0.778,3617172
0.778,3594459
0.778,3544745
0.786,3531244
0.786,3481530
0.856,3474472
0.897,3421512
0.897,3371799
0.91,3363474
0.922,3353388
1.189,3321709
1.532,3284325
1.544,3268608
2.391,3265049
2.543,3254565
2.543,3238848
2.606,3231111
2.606,3218440
2.607,3212701
2.627,3210038
2.795,3206903
2.795,3184856
2.795,3169140
2.797,3162858
2.797,3140812
2.797,3128141
2.797,3122401
2.799,3119739
12.463,3077406
12.655,3070348
12.782,3017388
12.782,2967675
12.819,2959350
12.85,2949264
13.505,2917585
14.387,2880201
14.412,2864484
20.393,2835735
20.436,2792719
20.467,2788374
20.624,2754893
20.781,2742222
20.863,2736483
26.661,2735223
26.812,2733904
26.899,2732529
66.351,2730897
130.876,2722528
132.211,2716788
178.722,2716294
178.872,2711948
180.392,2693473
183.382,2662146
316.917,2643822
410.616,2612905
410.616,2611470
410.765,2608559
410.765,2607124
411.586,2575079
411.586,2573644
412.335,2562408
412.335,2560973
412.702,2556668
412.702,2555234
442.641,2553973
443.356,2552655
443.75,2551280
599.972,2550326
