0.001,2405365
0.041,2373448
0.044,2361014
0.045,2355560
0.048,2341781
0.049,2340413
0.05,2310166
0.052,2297732
0.053,2292279
0.056,2290615
0.057,2271105
0.059,2270743
0.062,2270523
0.084,2262507
0.106,2261061
0.118,2254555
0.14,2246131
0.233,2244803
0.31,2241541
0.314,2235034
0.322,2234114
0.476,2227322
0.695,2226766
1.219,2220895
2.784,2219397
2.785,2217959
2.8,2212353
2.8,2211452
2.828,2211432
2.829,2210532
3.507,2204640
3.507,2203739
28.31,2200799
28.311,2200183
32.37,2195017
32.371,2194117
32.374,2194097
32.375,2193196
32.399,2187304
32.399,2186404
43.037,2184694
43.062,2184138
43.126,2178267
43.287,2176769
43.287,2175331
43.292,2169725
43.292,2168824
43.297,2168804
43.297,2167904
43.37,2162012
43.37,2161112
50.23,2160913
51.391,2155149
51.563,2153820
51.818,2150558
51.827,2144052
51.842,2143131
52.082,2136339
52.438,2135783
53.455,2129912
56.645,2128415
56.646,2126976
56.694,2121370
56.695,2120469
56.773,2120449
56.774,2119549
57.912,2113657
57.913,2112757
