0.0,2405365
0.0,2373448
0.0,2361014
0.0,2355561
0.001,2341782
0.001,2340414
0.002,2310167
0.002,2297733
0.002,2292280
0.002,2290615
0.003,2271106
0.004,2270744
0.006,2270523
0.028,2262508
0.048,2261062
0.058,2254555
0.079,2246132
0.152,2244803
0.225,2241542
0.228,2235035
0.234,2234114
0.331,2227322
0.499,2226766
0.895,2220895
2.128,2219398
2.128,2217959
2.142,2212353
2.142,2211453
2.168,2211433
2.168,2210532
2.649,2204640
2.649,2203740
26.776,2200800
26.776,2200183
30.599,2195018
30.599,2194117
30.6,2194097
30.6,2193197
30.623,2187305
30.623,2186404
41.149,2184694
41.172,2184139
41.228,2178268
41.388,2176770
41.388,2175332
41.39,2169725
41.39,2168825
41.394,2168805
41.394,2167904
41.461,2162013
41.461,2161112
48.166,2160913
49.13,2155149
49.308,2153821
49.518,2150559
49.527,2144052
49.541,2143132
49.768,2136340
50.12,2135784
51.097,2129913
54.162,2128415
54.162,2126977
54.199,2121370
54.199,2120470
54.264,2120450
54.264,2119549
55.33,2113658
55.33,2112757
74.552,2111991
80.092,2108343
80.092,2106414
80.78,2105874
86.818,2098964
86.818,2097755
107.309,2091205
107.309,2089996
107.367,2089568
107.415,2087340
107.415,2086130
107.425,2085420
203.345,2084567
203.345,2083667
203.358,2082985
203.358,2082085
364.746,2082001
364.746,2080791
370.407,2080418
370.407,2079209
472.564,2077908
472.676,2076325
568.001,2076103
568.001,2074893
568.04,2074277
1223.735,2069735
1223.735,2068525
1223.825,2065840
1223.825,2064631
1223.834,2063920
2485.937,2058119
2485.938,2057219
2485.95,2056537
2485.95,2055636
