0.0,2405365
0.0,2373448
0.0,2361014
0.0,2355561
0.001,2341782
0.001,2340414
0.001,2310167
0.001,2297733
0.001,2292280
0.002,2290615
0.002,2271106
0.003,2270744
0.006,2270523
0.027,2262508
0.048,2261062
0.057,2254555
0.073,2246132
0.14,2244803
0.214,2241542
0.217,2235035
0.222,2234114
0.32,2227322
0.485,2226766
0.889,2220895
2.265,2219398
2.265,2217959
2.28,2212353
2.28,2211453
2.307,2211433
2.307,2210532
2.799,2204640
2.799,2203740
27.351,2200800
27.351,2200183
31.202,2195018
31.202,2194117
31.203,2194097
31.203,2193197
31.225,2187305
31.225,2186404
41.74,2184694
41.763,2184139
41.818,2178268
41.978,2176770
41.978,2175332
41.98,2169725
41.98,2168825
41.984,2168805
41.984,2167904
42.048,2162013
42.048,2161112
48.73,2160913
49.684,2155149
49.838,2153821
50.046,2150559
50.055,2144052
50.069,2143132
50.296,2136340
50.651,2135784
51.617,2129913
54.68,2128415
54.68,2126977
54.717,2121370
54.717,2120470
54.782,2120450
54.782,2119549
55.85,2113658
55.85,2112757
74.797,2111991
80.341,2108343
80.341,2106414
81.026,2105874
87.033,2098964
87.033,2097755
107.418,2091205
107.418,2089996
107.479,2089568
107.525,2087340
107.525,2086130
107.535,2085420
202.916,2084567
202.916,2083667
202.929,2082985
202.929,2082085
364.169,2082001
364.169,2080791
369.681,2080418
369.681,2079209
471.117,2077908
471.227,2076325
565.972,2076103
565.972,2074893
566.01,2074277
